2018-06-09 15:20:30,340 [7] DEBUG LMSDataService.Controllers.LookupTypesController - Executing call in debug mode 
 2018-06-09 15:20:30,350 [7] INFO LMSDataService.Controllers.LookupTypesController - Handling GET request from user: rflowers 
 2018-06-09 17:26:50,845 [9] DEBUG LMSDataService.Controllers.LookupTypesController - Executing call in debug mode 
 2018-06-09 17:26:50,853 [9] INFO LMSDataService.Controllers.LookupTypesController - Handling GET request from user: rflowers 
 2018-06-09 17:27:30,177 [8] DEBUG LMSDataService.Controllers.LookupTypesController - Executing call in debug mode 
 2018-06-09 17:27:30,177 [8] INFO LMSDataService.Controllers.LookupTypesController - Handling GET request from user: admin 
 2018-06-09 17:28:42,415 [8] DEBUG LMSDataService.Controllers.LookupTypesController - Executing call in debug mode 
 2018-06-09 17:28:42,446 [8] INFO LMSDataService.Controllers.LookupTypesController - Handling GET request from user: admin 
 2018-06-09 17:29:05,935 [9] DEBUG LMSDataService.Controllers.LookupTypesController - Executing call in debug mode 
 2018-06-09 17:29:05,936 [9] INFO LMSDataService.Controllers.LookupTypesController - Handling GET request from user: test 
 2018-06-09 17:29:38,306 [8] DEBUG LMSDataService.Controllers.LookupTypesController - Executing call in debug mode 
 2018-06-09 17:29:38,307 [8] INFO LMSDataService.Controllers.LookupTypesController - Handling GET request from user: rflowers 
 2018-06-09 17:30:12,261 [8] DEBUG LMSDataService.Controllers.LookupTypesController - Executing call in debug mode 
 2018-06-09 17:30:12,262 [8] INFO LMSDataService.Controllers.LookupTypesController - Handling GET request from user: rflowers 
 2018-06-09 17:45:53,627 [41] DEBUG LMSDataService.Controllers.LookupTypesController - Executing call in debug mode 
 2018-06-09 17:45:53,628 [41] INFO LMSDataService.Controllers.LookupTypesController - Handling GET request from user: rflowers 
 2018-06-09 17:46:07,366 [35] DEBUG LMSDataService.Controllers.LookupTypesController - Executing call in debug mode 
 2018-06-09 17:46:07,366 [35] INFO LMSDataService.Controllers.LookupTypesController - Handling GET request from user: rflowers 
 2018-06-09 17:46:42,691 [35] DEBUG LMSDataService.Controllers.LookupTypesController - Executing call in debug mode 
 2018-06-09 17:46:42,692 [35] INFO LMSDataService.Controllers.LookupTypesController - Handling GET request from user: rflowers 
 2018-06-09 18:06:40,915 [60] DEBUG LMSDataService.Controllers.LookupTypesController - Executing call in debug mode 
 2018-06-09 18:06:40,917 [60] INFO LMSDataService.Controllers.LookupTypesController - Handling GET request from user: rflowers 
 2018-06-09 18:07:28,155 [18] DEBUG LMSDataService.Controllers.LookupTypesController - Executing call in debug mode 
 2018-06-09 18:07:28,156 [18] INFO LMSDataService.Controllers.LookupTypesController - Handling GET request from user: rflowers 
 2018-06-09 18:10:35,156 [11] DEBUG LMSDataService.Controllers.LookupTypesController - Executing call in debug mode 
 2018-06-09 18:10:35,156 [11] INFO LMSDataService.Controllers.LookupTypesController - Handling GET request from user: rflowers 
 2018-06-09 18:10:46,448 [5] DEBUG LMSDataService.Controllers.UploadController - Executing call in debug mode 
 2018-06-09 18:10:46,448 [5] INFO LMSDataService.Controllers.UploadController - Handling Document Upload from user: rwflowers 
 2018-06-09 18:24:26,648 [67] DEBUG LMSDataService.Controllers.UploadController - Executing call in debug mode 
 2018-06-09 18:24:26,648 [67] INFO LMSDataService.Controllers.UploadController - Handling Document Upload from user: rwflowers 
 2018-06-09 20:11:28,249 [34] DEBUG LMSDataService.Controllers.LookupTypesController - Executing call in debug mode 
 2018-06-09 20:11:28,250 [34] INFO LMSDataService.Controllers.LookupTypesController - Handling GET request from user: rflowers 
 2018-06-09 20:12:49,015 [53] DEBUG LMSDataService.Controllers.LookupTypesController - Executing call in debug mode 
 2018-06-09 20:12:49,016 [53] INFO LMSDataService.Controllers.LookupTypesController - Handling GET request from user: rflowers 
 2018-06-09 20:19:12,368 [51] DEBUG LMSDataService.Controllers.LookupTypesController - Executing call in debug mode 
 2018-06-09 20:19:12,368 [51] INFO LMSDataService.Controllers.LookupTypesController - Handling GET request from user: rflowers 
 2018-06-09 20:21:41,803 [37] DEBUG LMSDataService.Controllers.LookupTypesController - Executing call in debug mode 
 2018-06-09 20:21:41,803 [37] INFO LMSDataService.Controllers.LookupTypesController - Handling GET request from user: rflowers 
 2018-06-09 20:32:28,552 [22] DEBUG LMSDataService.Controllers.LookupTypesController - Executing call in debug mode 
 2018-06-09 20:32:28,553 [22] INFO LMSDataService.Controllers.LookupTypesController - Handling GET request from user: rflowers 
 2018-06-09 20:35:32,696 [14] DEBUG LMSDataService.Controllers.LookupTypesController - Executing call in debug mode 
 2018-06-09 20:35:32,698 [14] INFO LMSDataService.Controllers.LookupTypesController - Handling GET request from user: rflowers 
 2018-06-09 20:36:30,830 [14] DEBUG LMSDataService.Controllers.LookupTypesController - Executing call in debug mode 
 2018-06-09 20:36:30,832 [14] INFO LMSDataService.Controllers.LookupTypesController - Handling GET request from user: rflowers 
 2018-06-09 20:37:32,242 [11] DEBUG LMSDataService.Controllers.LookupTypesController - Executing call in debug mode 
 2018-06-09 20:37:32,243 [11] INFO LMSDataService.Controllers.LookupTypesController - Handling GET request from user: rflowers 
 2018-06-09 20:39:35,320 [11] DEBUG LMSDataService.Controllers.LookupTypesController - Executing call in debug mode 
 2018-06-09 20:39:35,321 [11] INFO LMSDataService.Controllers.LookupTypesController - Handling GET request from user: rflowers 
 2018-06-09 20:40:01,748 [14] DEBUG LMSDataService.Controllers.LookupTypesController - Executing call in debug mode 
 2018-06-09 20:40:01,749 [14] INFO LMSDataService.Controllers.LookupTypesController - Handling GET request from user: rflowers 
 2018-06-09 22:22:28,963 [57] DEBUG LMSDataService.Controllers.LookupTypesController - Executing call in debug mode 
 2018-06-09 22:22:28,964 [57] INFO LMSDataService.Controllers.LookupTypesController - Handling GET request from user: rflowers 
 2018-06-09 22:23:23,473 [36] DEBUG LMSDataService.Controllers.LookupTypesController - Executing call in debug mode 
 2018-06-09 22:23:23,474 [36] INFO LMSDataService.Controllers.LookupTypesController - Handling GET request from user: rflowers 
 2018-06-09 22:24:00,438 [29] DEBUG LMSDataService.Controllers.LookupTypesController - Executing call in debug mode 
 2018-06-09 22:24:00,439 [29] INFO LMSDataService.Controllers.LookupTypesController - Handling GET request from user: rflowers 
 2018-06-09 22:24:19,422 [16] DEBUG LMSDataService.Controllers.LookupTypesController - Executing call in debug mode 
 2018-06-09 22:24:19,422 [16] INFO LMSDataService.Controllers.LookupTypesController - Handling GET request from user: rflowers 
 2018-06-09 22:24:37,004 [33] DEBUG LMSDataService.Controllers.LookupTypesController - Executing call in debug mode 
 2018-06-09 22:24:37,004 [33] INFO LMSDataService.Controllers.LookupTypesController - Handling GET request from user: rflowers 
 2018-06-09 22:24:50,010 [33] DEBUG LMSDataService.Controllers.LookupTypesController - Executing call in debug mode 
 2018-06-09 22:24:50,011 [33] INFO LMSDataService.Controllers.LookupTypesController - Handling GET request from user: rflowers 
 2018-06-09 22:26:21,110 [29] DEBUG LMSDataService.Controllers.LookupTypesController - Executing call in debug mode 
 2018-06-09 22:26:21,111 [29] INFO LMSDataService.Controllers.LookupTypesController - Handling GET request from user: rflowers 
 2018-06-09 22:31:03,321 [23] DEBUG LMSDataService.Controllers.LookupTypesController - Executing call in debug mode 
 2018-06-09 22:31:03,321 [23] INFO LMSDataService.Controllers.LookupTypesController - Handling GET request from user: rflowers 
 2018-06-09 22:31:29,414 [28] DEBUG LMSDataService.Controllers.LookupTypesController - Executing call in debug mode 
 2018-06-09 22:31:29,415 [28] INFO LMSDataService.Controllers.LookupTypesController - Handling GET request from user: rflowers 
 2018-06-09 22:35:27,520 [98] DEBUG LMSDataService.Controllers.LookupTypesController - Executing call in debug mode 
 2018-06-09 22:35:27,521 [98] INFO LMSDataService.Controllers.LookupTypesController - Handling GET request from user: rflowers 
 2018-06-09 22:36:36,837 [97] DEBUG LMSDataService.Controllers.LookupTypesController - Executing call in debug mode 
 2018-06-09 22:36:36,837 [97] INFO LMSDataService.Controllers.LookupTypesController - Handling GET request from user: rflowers 
 2018-06-09 22:36:50,854 [34] DEBUG LMSDataService.Controllers.LookupTypesController - Executing call in debug mode 
 2018-06-09 22:36:50,855 [34] INFO LMSDataService.Controllers.LookupTypesController - Handling GET request from user: rflowers 
 2018-06-09 22:37:29,740 [98] DEBUG LMSDataService.Controllers.LookupTypesController - Executing call in debug mode 
 2018-06-09 22:37:29,741 [98] INFO LMSDataService.Controllers.LookupTypesController - Handling GET request from user: rflowers 
 2018-06-09 22:38:36,670 [97] DEBUG LMSDataService.Controllers.LookupTypesController - Executing call in debug mode 
 2018-06-09 22:38:36,671 [97] INFO LMSDataService.Controllers.LookupTypesController - Handling GET request from user: rflowers 
 2018-06-09 22:38:53,181 [28] DEBUG LMSDataService.Controllers.LookupTypesController - Executing call in debug mode 
 2018-06-09 22:38:53,182 [28] INFO LMSDataService.Controllers.LookupTypesController - Handling GET request from user: rflowers 
 2018-06-09 22:38:57,909 [28] DEBUG LMSDataService.Controllers.LookupTypesController - Executing call in debug mode 
 2018-06-09 22:38:57,909 [28] INFO LMSDataService.Controllers.LookupTypesController - Handling GET request from user: rflowers 
 2018-06-09 22:39:38,094 [51] DEBUG LMSDataService.Controllers.LookupTypesController - Executing call in debug mode 
 2018-06-09 22:39:38,094 [51] INFO LMSDataService.Controllers.LookupTypesController - Handling GET request from user: rflowers 
 2018-06-09 22:40:13,953 [106] DEBUG LMSDataService.Controllers.LookupTypesController - Executing call in debug mode 
 2018-06-09 22:40:13,954 [106] INFO LMSDataService.Controllers.LookupTypesController - Handling GET request from user: rflowers 
 2018-06-09 22:40:39,028 [86] DEBUG LMSDataService.Controllers.LookupTypesController - Executing call in debug mode 
 2018-06-09 22:40:39,028 [86] INFO LMSDataService.Controllers.LookupTypesController - Handling GET request from user: rflowers 
 2018-06-09 22:40:47,651 [28] DEBUG LMSDataService.Controllers.LookupTypesController - Executing call in debug mode 
 2018-06-09 22:40:47,651 [28] INFO LMSDataService.Controllers.LookupTypesController - Handling GET request from user: rflowers 
 2018-06-09 22:41:24,400 [85] DEBUG LMSDataService.Controllers.LookupTypesController - Executing call in debug mode 
 2018-06-09 22:41:24,400 [85] INFO LMSDataService.Controllers.LookupTypesController - Handling GET request from user: rflowers 
 2018-06-09 22:42:06,667 [85] DEBUG LMSDataService.Controllers.LookupTypesController - Executing call in debug mode 
 2018-06-09 22:42:06,667 [85] INFO LMSDataService.Controllers.LookupTypesController - Handling GET request from user: rflowers 
 2018-06-09 22:42:54,220 [85] DEBUG LMSDataService.Controllers.LookupTypesController - Executing call in debug mode 
 2018-06-09 22:42:54,220 [85] INFO LMSDataService.Controllers.LookupTypesController - Handling GET request from user: rflowers 
 