2018-08-01 20:42:22,998 [15] DEBUG LMSDataService.Controllers.LookupTypesController - Executing in Debug Mode 
 2018-08-01 20:42:22,998 [21] DEBUG LMSDataService.Controllers.FileUploadLogsController - Executing in Debug Mode 
 2018-08-01 20:42:22,998 [8] DEBUG LMSDataService.Controllers.InsuranceCompaniesController - Executing in Debug Mode 
 2018-08-01 20:42:23,007 [15] INFO LMSDataService.Controllers.LookupTypesController - Handling GET request from user: admin 
 2018-08-01 20:45:03,000 [13] DEBUG LMSDataService.Controllers.InsuranceCompaniesController - Executing in Debug Mode 
 2018-08-01 20:45:03,020 [15] DEBUG LMSDataService.Controllers.LookupTypesController - Executing in Debug Mode 
 2018-08-01 20:45:03,020 [15] INFO LMSDataService.Controllers.LookupTypesController - Handling GET request from user: admin 
 2018-08-01 20:45:17,416 [12] DEBUG LMSDataService.Controllers.InsuranceCompaniesController - Executing in Debug Mode 
 2018-08-01 20:45:17,627 [12] ERROR LMSDataService.Controllers.InsuranceCompaniesController - An Error Occurred in PostInsuranceCompany 
 System.Data.Entity.Infrastructure.DbUpdateException: An error occurred while updating the entries. See the inner exception for details. ---> System.Data.Entity.Core.UpdateException: An error occurred while updating the entries. See the inner exception for details. ---> System.Data.SqlClient.SqlException: The conversion of a datetime2 data type to a datetime data type resulted in an out-of-range value.
The statement has been terminated.
   at System.Data.SqlClient.SqlConnection.OnError(SqlException exception, Boolean breakConnection, Action`1 wrapCloseInAction)
   at System.Data.SqlClient.SqlInternalConnection.OnError(SqlException exception, Boolean breakConnection, Action`1 wrapCloseInAction)
   at System.Data.SqlClient.TdsParser.ThrowExceptionAndWarning(TdsParserStateObject stateObj, Boolean callerHasConnectionLock, Boolean asyncClose)
   at System.Data.SqlClient.TdsParser.TryRun(RunBehavior runBehavior, SqlCommand cmdHandler, SqlDataReader dataStream, BulkCopySimpleResultSet bulkCopyHandler, TdsParserStateObject stateObj, Boolean& dataReady)
   at System.Data.SqlClient.SqlDataReader.TryConsumeMetaData()
   at System.Data.SqlClient.SqlDataReader.get_MetaData()
   at System.Data.SqlClient.SqlCommand.FinishExecuteReader(SqlDataReader ds, RunBehavior runBehavior, String resetOptionsString, Boolean isInternal, Boolean forDescribeParameterEncryption, Boolean shouldCacheForAlwaysEncrypted)
   at System.Data.SqlClient.SqlCommand.RunExecuteReaderTds(CommandBehavior cmdBehavior, RunBehavior runBehavior, Boolean returnStream, Boolean async, Int32 timeout, Task& task, Boolean asyncWrite, Boolean inRetry, SqlDataReader ds, Boolean describeParameterEncryptionRequest)
   at System.Data.SqlClient.SqlCommand.RunExecuteReader(CommandBehavior cmdBehavior, RunBehavior runBehavior, Boolean returnStream, String method, TaskCompletionSource`1 completion, Int32 timeout, Task& task, Boolean& usedCache, Boolean asyncWrite, Boolean inRetry)
   at System.Data.SqlClient.SqlCommand.RunExecuteReader(CommandBehavior cmdBehavior, RunBehavior runBehavior, Boolean returnStream, String method)
   at System.Data.SqlClient.SqlCommand.ExecuteReader(CommandBehavior behavior, String method)
   at System.Data.SqlClient.SqlCommand.ExecuteDbDataReader(CommandBehavior behavior)
   at System.Data.Common.DbCommand.ExecuteReader(CommandBehavior behavior)
   at System.Data.Entity.Infrastructure.Interception.DbCommandDispatcher.<Reader>b__c(DbCommand t, DbCommandInterceptionContext`1 c)
   at System.Data.Entity.Infrastructure.Interception.InternalDispatcher`1.Dispatch[TTarget,TInterceptionContext,TResult](TTarget target, Func`3 operation, TInterceptionContext interceptionContext, Action`3 executing, Action`3 executed)
   at System.Data.Entity.Infrastructure.Interception.DbCommandDispatcher.Reader(DbCommand command, DbCommandInterceptionContext interceptionContext)
   at System.Data.Entity.Internal.InterceptableDbCommand.ExecuteDbDataReader(CommandBehavior behavior)
   at System.Data.Common.DbCommand.ExecuteReader(CommandBehavior behavior)
   at System.Data.Entity.Core.Mapping.Update.Internal.DynamicUpdateCommand.Execute(Dictionary`2 identifierValues, List`1 generatedValues)
   at System.Data.Entity.Core.Mapping.Update.Internal.UpdateTranslator.Update()
   --- End of inner exception stack trace ---
   at System.Data.Entity.Core.Mapping.Update.Internal.UpdateTranslator.Update()
   at System.Data.Entity.Core.EntityClient.Internal.EntityAdapter.<Update>b__2(UpdateTranslator ut)
   at System.Data.Entity.Core.EntityClient.Internal.EntityAdapter.Update[T](T noChangesResult, Func`2 updateFunction)
   at System.Data.Entity.Core.EntityClient.Internal.EntityAdapter.Update()
   at System.Data.Entity.Core.Objects.ObjectContext.<SaveChangesToStore>b__35()
   at System.Data.Entity.Core.Objects.ObjectContext.ExecuteInTransaction[T](Func`1 func, IDbExecutionStrategy executionStrategy, Boolean startLocalTransaction, Boolean releaseConnectionOnSuccess)
   at System.Data.Entity.Core.Objects.ObjectContext.SaveChangesToStore(SaveOptions options, IDbExecutionStrategy executionStrategy, Boolean startLocalTransaction)
   at System.Data.Entity.Core.Objects.ObjectContext.<>c__DisplayClass2a.<SaveChangesInternal>b__27()
   at System.Data.Entity.SqlServer.DefaultSqlExecutionStrategy.Execute[TResult](Func`1 operation)
   at System.Data.Entity.Core.Objects.ObjectContext.SaveChangesInternal(SaveOptions options, Boolean executeInExistingTransaction)
   at System.Data.Entity.Core.Objects.ObjectContext.SaveChanges(SaveOptions options)
   at System.Data.Entity.Internal.InternalContext.SaveChanges()
   --- End of inner exception stack trace ---
   at System.Data.Entity.Internal.InternalContext.SaveChanges()
   at System.Data.Entity.Internal.LazyInternalContext.SaveChanges()
   at System.Data.Entity.DbContext.SaveChanges()
   at LMSDataService.Controllers.InsuranceCompaniesController.PostInsuranceCompany(InsuranceCompany insuranceCompany) in F:\Code\LMSManagement\LMSData\LMSDataService\Controllers\InsuranceCompaniesController.cs:line 133
2018-08-01 20:45:43,454 [14] DEBUG LMSDataService.Controllers.InsuranceCompaniesController - Executing in Debug Mode 
 2018-08-01 20:45:43,486 [8] DEBUG LMSDataService.Controllers.LookupTypesController - Executing in Debug Mode 
 2018-08-01 20:45:43,486 [8] INFO LMSDataService.Controllers.LookupTypesController - Handling GET request from user: admin 
 2018-08-01 20:47:08,892 [14] DEBUG LMSDataService.Controllers.InsuranceCompaniesController - Executing in Debug Mode 
 2018-08-01 20:47:08,892 [16] DEBUG LMSDataService.Controllers.LookupTypesController - Executing in Debug Mode 
 2018-08-01 20:47:08,892 [16] INFO LMSDataService.Controllers.LookupTypesController - Handling GET request from user: admin 
 2018-08-01 20:47:20,198 [13] DEBUG LMSDataService.Controllers.InsuranceCompaniesController - Executing in Debug Mode 
 2018-08-01 20:47:32,872 [16] DEBUG LMSDataService.Controllers.FileUploadLogsController - Executing in Debug Mode 
 2018-08-01 20:47:33,071 [8] DEBUG LMSDataService.Controllers.LookupTypesController - Executing in Debug Mode 
 2018-08-01 20:47:33,100 [8] INFO LMSDataService.Controllers.LookupTypesController - Handling GET request from user: admin 
 2018-08-01 20:47:33,188 [14] DEBUG LMSDataService.Controllers.InsuranceCompaniesController - Executing in Debug Mode 
 2018-08-01 20:51:22,981 [21] DEBUG LMSDataService.Controllers.FileUploadLogsController - Executing in Debug Mode 
 2018-08-01 20:51:23,032 [10] DEBUG LMSDataService.Controllers.LookupTypesController - Executing in Debug Mode 
 2018-08-01 20:51:23,088 [10] INFO LMSDataService.Controllers.LookupTypesController - Handling GET request from user: admin 
 2018-08-01 20:51:23,147 [8] DEBUG LMSDataService.Controllers.InsuranceCompaniesController - Executing in Debug Mode 
 2018-08-01 20:57:41,658 [17] DEBUG LMSDataService.Controllers.FileUploadLogsController - Executing in Debug Mode 
 2018-08-01 20:57:41,779 [22] DEBUG LMSDataService.Controllers.InsuranceCompaniesController - Executing in Debug Mode 
 2018-08-01 20:57:42,996 [26] DEBUG LMSDataService.Controllers.LookupTypesController - Executing in Debug Mode 
 2018-08-01 20:57:43,006 [26] INFO LMSDataService.Controllers.LookupTypesController - Handling GET request from user: admin 
 2018-08-01 20:58:28,840 [24] DEBUG LMSDataService.Controllers.FileUploadLogsController - Executing in Debug Mode 
 2018-08-01 20:58:29,045 [17] DEBUG LMSDataService.Controllers.InsuranceCompaniesController - Executing in Debug Mode 
 2018-08-01 20:58:29,454 [30] DEBUG LMSDataService.Controllers.LookupTypesController - Executing in Debug Mode 
 2018-08-01 20:58:29,454 [30] INFO LMSDataService.Controllers.LookupTypesController - Handling GET request from user: admin 
 2018-08-01 21:05:48,749 [10] DEBUG LMSDataService.Controllers.FileUploadLogsController - Executing in Debug Mode 
 2018-08-01 21:05:48,749 [24] DEBUG LMSDataService.Controllers.InsuranceCompaniesController - Executing in Debug Mode 
 2018-08-01 21:05:48,819 [22] DEBUG LMSDataService.Controllers.LookupTypesController - Executing in Debug Mode 
 2018-08-01 21:05:48,819 [22] INFO LMSDataService.Controllers.LookupTypesController - Handling GET request from user: admin 
 2018-08-01 21:08:07,879 [38] DEBUG LMSDataService.Controllers.LookupTypesController - Executing in Debug Mode 
 2018-08-01 21:08:07,909 [38] INFO LMSDataService.Controllers.LookupTypesController - Handling GET request from user: admin 
 2018-08-01 21:08:07,910 [40] DEBUG LMSDataService.Controllers.FileUploadLogsController - Executing in Debug Mode 
 2018-08-01 21:08:07,927 [37] DEBUG LMSDataService.Controllers.InsuranceCompaniesController - Executing in Debug Mode 
 2018-08-01 21:09:45,641 [20] DEBUG LMSDataService.Controllers.FileUploadLogsController - Executing in Debug Mode 
 2018-08-01 21:09:45,641 [10] DEBUG LMSDataService.Controllers.LookupTypesController - Executing in Debug Mode 
 2018-08-01 21:09:45,765 [10] INFO LMSDataService.Controllers.LookupTypesController - Handling GET request from user: admin 
 2018-08-01 21:09:45,780 [49] DEBUG LMSDataService.Controllers.InsuranceCompaniesController - Executing in Debug Mode 
 2018-08-01 21:13:05,391 [60] DEBUG LMSDataService.Controllers.FileUploadLogsController - Executing in Debug Mode 
 2018-08-01 21:13:05,614 [20] DEBUG LMSDataService.Controllers.InsuranceCompaniesController - Executing in Debug Mode 
 2018-08-01 21:13:05,623 [10] DEBUG LMSDataService.Controllers.LookupTypesController - Executing in Debug Mode 
 2018-08-01 21:13:05,693 [10] INFO LMSDataService.Controllers.LookupTypesController - Handling GET request from user: admin 
 2018-08-01 21:18:16,848 [73] DEBUG LMSDataService.Controllers.FileUploadLogsController - Executing in Debug Mode 
 2018-08-01 21:18:16,932 [60] DEBUG LMSDataService.Controllers.InsuranceCompaniesController - Executing in Debug Mode 
 2018-08-01 21:18:16,932 [57] DEBUG LMSDataService.Controllers.LookupTypesController - Executing in Debug Mode 
 2018-08-01 21:18:16,933 [57] INFO LMSDataService.Controllers.LookupTypesController - Handling GET request from user: admin 
 2018-08-01 21:26:12,252 [9] DEBUG LMSDataService.Controllers.LookupTypesController - Executing in Debug Mode 
 2018-08-01 21:26:12,252 [12] DEBUG LMSDataService.Controllers.InsuranceCompaniesController - Executing in Debug Mode 
 2018-08-01 21:26:12,252 [13] DEBUG LMSDataService.Controllers.FileUploadLogsController - Executing in Debug Mode 
 2018-08-01 21:26:12,260 [9] INFO LMSDataService.Controllers.LookupTypesController - Handling GET request from user: admin 
 2018-08-01 21:26:53,096 [13] DEBUG LMSDataService.Controllers.LookupTypesController - Executing in Debug Mode 
 2018-08-01 21:26:53,164 [13] INFO LMSDataService.Controllers.LookupTypesController - Handling GET request from user: admin 
 2018-08-01 21:26:53,297 [8] DEBUG LMSDataService.Controllers.InsuranceCompaniesController - Executing in Debug Mode 
 2018-08-01 21:26:53,767 [11] DEBUG LMSDataService.Controllers.FileUploadLogsController - Executing in Debug Mode 
 2018-08-01 21:26:56,370 [7] DEBUG LMSDataService.Controllers.InsuranceCompaniesController - Executing in Debug Mode 
 2018-08-01 21:26:56,370 [8] DEBUG LMSDataService.Controllers.LookupTypesController - Executing in Debug Mode 
 2018-08-01 21:26:56,419 [8] INFO LMSDataService.Controllers.LookupTypesController - Handling GET request from user: admin 
 2018-08-01 21:27:01,356 [8] DEBUG LMSDataService.Controllers.InsuranceCompaniesController - Executing in Debug Mode 
 2018-08-01 21:27:12,538 [8] DEBUG LMSDataService.Controllers.InsuranceCompaniesController - Executing in Debug Mode 
 2018-08-01 21:27:31,984 [9] DEBUG LMSDataService.Controllers.InsuranceCompaniesController - Executing in Debug Mode 
 2018-08-01 21:27:39,718 [9] DEBUG LMSDataService.Controllers.InsuranceCompaniesController - Executing in Debug Mode 
 2018-08-01 21:27:51,508 [11] DEBUG LMSDataService.Controllers.FileUploadLogsController - Executing in Debug Mode 
 2018-08-01 21:27:51,508 [16] DEBUG LMSDataService.Controllers.LookupTypesController - Executing in Debug Mode 
 2018-08-01 21:27:51,637 [16] INFO LMSDataService.Controllers.LookupTypesController - Handling GET request from user: admin 
 2018-08-01 21:27:51,652 [7] DEBUG LMSDataService.Controllers.InsuranceCompaniesController - Executing in Debug Mode 
 2018-08-01 21:28:09,512 [8] DEBUG LMSDataService.Controllers.InsuranceCompaniesController - Executing in Debug Mode 
 2018-08-01 21:28:09,584 [16] DEBUG LMSDataService.Controllers.LookupTypesController - Executing in Debug Mode 
 2018-08-01 21:28:09,622 [16] INFO LMSDataService.Controllers.LookupTypesController - Handling GET request from user: admin 
 2018-08-01 21:28:18,206 [9] DEBUG LMSDataService.Controllers.InsuranceCompaniesController - Executing in Debug Mode 
 2018-08-01 21:28:38,886 [7] DEBUG LMSDataService.Controllers.InsuranceCompaniesController - Executing in Debug Mode 
 2018-08-01 21:28:55,722 [9] DEBUG LMSDataService.Controllers.InsuranceCompaniesController - Executing in Debug Mode 
 2018-08-01 21:29:05,276 [11] DEBUG LMSDataService.Controllers.InsuranceCompaniesController - Executing in Debug Mode 
 2018-08-01 21:29:05,308 [12] DEBUG LMSDataService.Controllers.LookupTypesController - Executing in Debug Mode 
 2018-08-01 21:29:05,308 [12] INFO LMSDataService.Controllers.LookupTypesController - Handling GET request from user: admin 
 2018-08-01 21:29:05,455 [13] DEBUG LMSDataService.Controllers.FileUploadLogsController - Executing in Debug Mode 
 2018-08-01 21:30:04,200 [11] DEBUG LMSDataService.Controllers.LookupTypesController - Executing in Debug Mode 
 2018-08-01 21:30:04,201 [11] INFO LMSDataService.Controllers.LookupTypesController - Handling GET request from user: admin 
 2018-08-01 21:30:04,453 [9] DEBUG LMSDataService.Controllers.LookupTypesController - Executing in Debug Mode 
 2018-08-01 21:30:04,463 [9] INFO LMSDataService.Controllers.LookupTypesController - Handling GET request from user: admin 
 2018-08-01 21:30:12,793 [10] DEBUG LMSDataService.Controllers.LookupTypesController - Executing in Debug Mode 
 2018-08-01 21:30:12,793 [10] INFO LMSDataService.Controllers.LookupTypesController - Handling GET request from user: admin 
 2018-08-01 21:30:12,967 [9] DEBUG LMSDataService.Controllers.FileUploadLogsController - Executing in Debug Mode 
 