2018-06-03 18:03:46,795 [12] DEBUG LMSDataService.Controllers.LookupTypesController - Executing call in debug mode 
 2018-06-03 18:03:46,803 [12] INFO LMSDataService.Controllers.LookupTypesController - Handling GET request from user: admin 
 2018-06-03 18:13:45,351 [9] DEBUG LMSDataService.Controllers.LookupTypesController - Executing call in debug mode 
 2018-06-03 18:13:45,361 [9] INFO LMSDataService.Controllers.LookupTypesController - Handling GET request from user: admin 
 2018-06-03 18:18:55,945 [11] DEBUG LMSDataService.Controllers.LookupTypesController - Executing call in debug mode 
 2018-06-03 18:18:55,946 [11] INFO LMSDataService.Controllers.LookupTypesController - Handling GET request from user: admin 
 2018-06-03 18:22:37,209 [21] DEBUG LMSDataService.Controllers.LookupTypesController - Executing call in debug mode 
 2018-06-03 18:22:37,210 [21] INFO LMSDataService.Controllers.LookupTypesController - Handling GET request from user: admin 
 2018-06-03 18:25:58,782 [7] DEBUG LMSDataService.Controllers.LookupTypesController - Executing call in debug mode 
 2018-06-03 18:25:58,790 [7] INFO LMSDataService.Controllers.LookupTypesController - Handling GET request from user: admin 
 2018-06-03 18:26:06,719 [12] DEBUG LMSDataService.Controllers.LookupTypesController - Executing call in debug mode 
 2018-06-03 18:26:06,719 [12] INFO LMSDataService.Controllers.LookupTypesController - Handling GET request from user: rflowers 
 2018-06-03 18:26:46,569 [5] DEBUG LMSDataService.Controllers.LookupTypesController - Executing call in debug mode 
 2018-06-03 18:26:46,570 [5] INFO LMSDataService.Controllers.LookupTypesController - Handling GET request from user: rflowers 
 2018-06-03 18:27:57,478 [7] DEBUG LMSDataService.Controllers.LookupTypesController - Executing call in debug mode 
 2018-06-03 18:27:57,479 [7] INFO LMSDataService.Controllers.LookupTypesController - Handling GET request from user: rflowers 
 2018-06-03 18:28:18,233 [5] DEBUG LMSDataService.Controllers.LookupTypesController - Executing call in debug mode 
 2018-06-03 18:28:18,234 [5] INFO LMSDataService.Controllers.LookupTypesController - Handling GET request from user: admin 
 2018-06-03 18:28:44,105 [6] DEBUG LMSDataService.Controllers.LookupTypesController - Executing call in debug mode 
 2018-06-03 18:28:44,105 [6] INFO LMSDataService.Controllers.LookupTypesController - Handling GET request from user: rflowers 
 2018-06-03 19:31:42,964 [63] DEBUG LMSDataService.Controllers.LookupTypesController - Executing call in debug mode 
 2018-06-03 19:31:42,976 [63] INFO LMSDataService.Controllers.LookupTypesController - Handling GET request from user: rflowers 
 2018-06-03 19:31:58,829 [78] DEBUG LMSDataService.Controllers.LookupTypesController - Executing call in debug mode 
 2018-06-03 19:31:58,830 [78] INFO LMSDataService.Controllers.LookupTypesController - Handling GET request from user: admin 
 2018-06-03 19:32:09,874 [37] DEBUG LMSDataService.Controllers.LookupTypesController - Executing call in debug mode 
 2018-06-03 19:32:09,874 [37] INFO LMSDataService.Controllers.LookupTypesController - Handling GET request from user: rwflowers 
 2018-06-03 19:32:54,516 [50] DEBUG LMSDataService.Controllers.LookupTypesController - Executing call in debug mode 
 2018-06-03 19:32:54,517 [50] INFO LMSDataService.Controllers.LookupTypesController - Handling GET request from user: admin 
 2018-06-03 19:32:58,135 [33] DEBUG LMSDataService.Controllers.LookupTypesController - Executing call in debug mode 
 2018-06-03 19:32:58,135 [33] INFO LMSDataService.Controllers.LookupTypesController - Handling GET request from user: rwflowers 
 2018-06-03 19:34:11,185 [33] DEBUG LMSDataService.Controllers.LookupTypesController - Executing call in debug mode 
 2018-06-03 19:34:11,185 [33] INFO LMSDataService.Controllers.LookupTypesController - Handling GET request from user: rwflowers 
 2018-06-03 19:34:48,640 [59] DEBUG LMSDataService.Controllers.LookupTypesController - Executing call in debug mode 
 2018-06-03 19:34:48,640 [59] INFO LMSDataService.Controllers.LookupTypesController - Handling GET request from user: rwflowers 
 2018-06-03 19:35:42,187 [77] DEBUG LMSDataService.Controllers.LookupTypesController - Executing call in debug mode 
 2018-06-03 19:35:42,188 [77] INFO LMSDataService.Controllers.LookupTypesController - Handling GET request from user: admin 
 2018-06-03 19:35:48,336 [58] DEBUG LMSDataService.Controllers.LookupTypesController - Executing call in debug mode 
 2018-06-03 19:35:48,337 [58] INFO LMSDataService.Controllers.LookupTypesController - Handling GET request from user: rwflowers 
 2018-06-03 21:28:41,477 [18] DEBUG LMSDataService.Controllers.LookupTypesController - Executing call in debug mode 
 2018-06-03 21:28:41,478 [18] INFO LMSDataService.Controllers.LookupTypesController - Handling GET request from user: rwflowers 
 2018-06-03 21:28:56,491 [6] DEBUG LMSDataService.Controllers.LookupTypesController - Executing call in debug mode 
 2018-06-03 21:28:56,491 [6] INFO LMSDataService.Controllers.LookupTypesController - Handling GET request from user: admin 
 2018-06-03 21:30:01,987 [14] DEBUG LMSDataService.Controllers.LookupTypesController - Executing call in debug mode 
 2018-06-03 21:30:01,987 [14] INFO LMSDataService.Controllers.LookupTypesController - Handling GET request from user: admin 
 2018-06-03 21:32:03,311 [173] DEBUG LMSDataService.Controllers.LookupTypesController - Executing call in debug mode 
 2018-06-03 21:32:03,311 [173] INFO LMSDataService.Controllers.LookupTypesController - Handling GET request from user: admin 
 2018-06-03 21:32:26,825 [173] DEBUG LMSDataService.Controllers.LookupTypesController - Executing call in debug mode 
 2018-06-03 21:32:26,825 [173] INFO LMSDataService.Controllers.LookupTypesController - Handling GET request from user: admin 
 2018-06-03 21:36:54,152 [16] DEBUG LMSDataService.Controllers.LookupTypesController - Executing call in debug mode 
 2018-06-03 21:36:54,153 [16] INFO LMSDataService.Controllers.LookupTypesController - Handling GET request from user: admin 
 2018-06-03 21:37:30,289 [63] DEBUG LMSDataService.Controllers.LookupTypesController - Executing call in debug mode 
 2018-06-03 21:37:30,289 [63] INFO LMSDataService.Controllers.LookupTypesController - Handling GET request from user: admin 
 2018-06-03 21:38:19,162 [59] DEBUG LMSDataService.Controllers.LookupTypesController - Executing call in debug mode 
 2018-06-03 21:38:19,162 [59] INFO LMSDataService.Controllers.LookupTypesController - Handling GET request from user: admin 
 2018-06-03 21:39:08,218 [16] DEBUG LMSDataService.Controllers.LookupTypesController - Executing call in debug mode 
 2018-06-03 21:39:08,219 [16] INFO LMSDataService.Controllers.LookupTypesController - Handling GET request from user: admin 
 2018-06-03 21:41:29,668 [36] DEBUG LMSDataService.Controllers.LookupTypesController - Executing call in debug mode 
 2018-06-03 21:41:29,669 [36] INFO LMSDataService.Controllers.LookupTypesController - Handling GET request from user: admin 
 2018-06-03 21:45:04,158 [25] DEBUG LMSDataService.Controllers.LookupTypesController - Executing call in debug mode 
 2018-06-03 21:45:04,158 [25] INFO LMSDataService.Controllers.LookupTypesController - Handling GET request from user: admin 
 2018-06-03 21:45:17,376 [25] DEBUG LMSDataService.Controllers.LookupTypesController - Executing call in debug mode 
 2018-06-03 21:45:17,376 [25] INFO LMSDataService.Controllers.LookupTypesController - Handling GET request from user: admin 
 2018-06-03 21:46:16,570 [36] DEBUG LMSDataService.Controllers.LookupTypesController - Executing call in debug mode 
 2018-06-03 21:46:16,570 [36] INFO LMSDataService.Controllers.LookupTypesController - Handling GET request from user: admin 
 2018-06-03 21:47:03,551 [25] DEBUG LMSDataService.Controllers.LookupTypesController - Executing call in debug mode 
 2018-06-03 21:47:03,552 [25] INFO LMSDataService.Controllers.LookupTypesController - Handling GET request from user: admin 
 2018-06-03 21:48:01,298 [63] DEBUG LMSDataService.Controllers.LookupTypesController - Executing call in debug mode 
 2018-06-03 21:48:01,299 [63] INFO LMSDataService.Controllers.LookupTypesController - Handling GET request from user: admin 
 2018-06-03 21:48:41,039 [25] DEBUG LMSDataService.Controllers.LookupTypesController - Executing call in debug mode 
 2018-06-03 21:48:41,039 [25] INFO LMSDataService.Controllers.LookupTypesController - Handling GET request from user: admin 
 2018-06-03 21:49:11,931 [21] DEBUG LMSDataService.Controllers.LookupTypesController - Executing call in debug mode 
 2018-06-03 21:49:11,932 [21] INFO LMSDataService.Controllers.LookupTypesController - Handling GET request from user: admin 
 2018-06-03 21:49:35,579 [63] DEBUG LMSDataService.Controllers.LookupTypesController - Executing call in debug mode 
 2018-06-03 21:49:35,579 [63] INFO LMSDataService.Controllers.LookupTypesController - Handling GET request from user: admin 
 2018-06-03 21:52:40,396 [19] DEBUG LMSDataService.Controllers.LookupTypesController - Executing call in debug mode 
 2018-06-03 21:52:40,397 [19] INFO LMSDataService.Controllers.LookupTypesController - Handling GET request from user: admin 
 2018-06-03 21:54:10,510 [19] DEBUG LMSDataService.Controllers.LookupTypesController - Executing call in debug mode 
 2018-06-03 21:54:10,511 [19] INFO LMSDataService.Controllers.LookupTypesController - Handling GET request from user: admin 
 2018-06-03 21:55:26,052 [19] DEBUG LMSDataService.Controllers.LookupTypesController - Executing call in debug mode 
 2018-06-03 21:55:26,052 [19] INFO LMSDataService.Controllers.LookupTypesController - Handling GET request from user: admin 
 2018-06-03 21:55:37,189 [27] DEBUG LMSDataService.Controllers.LookupTypesController - Executing call in debug mode 
 2018-06-03 21:55:37,190 [27] INFO LMSDataService.Controllers.LookupTypesController - Handling GET request from user: admin 
 2018-06-03 21:56:34,764 [19] DEBUG LMSDataService.Controllers.LookupTypesController - Executing call in debug mode 
 2018-06-03 21:56:34,764 [19] INFO LMSDataService.Controllers.LookupTypesController - Handling GET request from user: admin 
 2018-06-03 21:57:47,434 [92] DEBUG LMSDataService.Controllers.LookupTypesController - Executing call in debug mode 
 2018-06-03 21:57:47,434 [92] INFO LMSDataService.Controllers.LookupTypesController - Handling GET request from user: admin 
 2018-06-03 21:58:05,603 [92] DEBUG LMSDataService.Controllers.LookupTypesController - Executing call in debug mode 
 2018-06-03 21:58:05,603 [92] INFO LMSDataService.Controllers.LookupTypesController - Handling GET request from user: admin 
 2018-06-03 21:59:46,112 [27] DEBUG LMSDataService.Controllers.LookupTypesController - Executing call in debug mode 
 2018-06-03 21:59:46,113 [27] INFO LMSDataService.Controllers.LookupTypesController - Handling GET request from user: admin 
 2018-06-03 22:01:21,760 [92] DEBUG LMSDataService.Controllers.LookupTypesController - Executing call in debug mode 
 2018-06-03 22:01:21,761 [92] INFO LMSDataService.Controllers.LookupTypesController - Handling GET request from user: admin 
 2018-06-03 22:02:18,793 [92] DEBUG LMSDataService.Controllers.LookupTypesController - Executing call in debug mode 
 2018-06-03 22:02:18,794 [92] INFO LMSDataService.Controllers.LookupTypesController - Handling GET request from user: admin 
 2018-06-03 22:03:21,465 [27] DEBUG LMSDataService.Controllers.LookupTypesController - Executing call in debug mode 
 2018-06-03 22:03:21,466 [27] INFO LMSDataService.Controllers.LookupTypesController - Handling GET request from user: admin 
 2018-06-03 22:04:24,778 [35] DEBUG LMSDataService.Controllers.LookupTypesController - Executing call in debug mode 
 2018-06-03 22:04:24,778 [35] INFO LMSDataService.Controllers.LookupTypesController - Handling GET request from user: admin 
 2018-06-03 22:05:09,257 [155] DEBUG LMSDataService.Controllers.LookupTypesController - Executing call in debug mode 
 2018-06-03 22:05:09,257 [155] INFO LMSDataService.Controllers.LookupTypesController - Handling GET request from user: admin 
 2018-06-03 22:05:38,799 [155] DEBUG LMSDataService.Controllers.LookupTypesController - Executing call in debug mode 
 2018-06-03 22:05:38,799 [155] INFO LMSDataService.Controllers.LookupTypesController - Handling GET request from user: admin 
 2018-06-03 22:06:58,048 [155] DEBUG LMSDataService.Controllers.LookupTypesController - Executing call in debug mode 
 2018-06-03 22:06:58,049 [155] INFO LMSDataService.Controllers.LookupTypesController - Handling GET request from user: admin 
 2018-06-03 22:07:32,747 [132] DEBUG LMSDataService.Controllers.LookupTypesController - Executing call in debug mode 
 2018-06-03 22:07:32,747 [132] INFO LMSDataService.Controllers.LookupTypesController - Handling GET request from user: admin 
 2018-06-03 22:09:08,684 [132] DEBUG LMSDataService.Controllers.LookupTypesController - Executing call in debug mode 
 2018-06-03 22:09:08,684 [132] INFO LMSDataService.Controllers.LookupTypesController - Handling GET request from user: admin 
 2018-06-03 22:09:37,787 [130] DEBUG LMSDataService.Controllers.LookupTypesController - Executing call in debug mode 
 2018-06-03 22:09:37,788 [130] INFO LMSDataService.Controllers.LookupTypesController - Handling GET request from user: admin 
 