2018-06-14 09:02:43,751 [5] DEBUG LMSDataService.Controllers.LookupTypesController - Executing in Debug Mode 
 2018-06-14 09:02:43,751 [8] DEBUG LMSDataService.Controllers.InsuranceCompaniesController - Executing in Debug Mode 
 2018-06-14 09:02:43,751 [12] DEBUG LMSDataService.Controllers.FileUploadLogsController - Executing in Debug Mode 
 2018-06-14 09:02:43,762 [5] INFO LMSDataService.Controllers.LookupTypesController - Handling GET request from user: admin 
 2018-06-14 09:02:48,050 [10] DEBUG LMSDataService.Controllers.LookupTypesController - Executing in Debug Mode 
 2018-06-14 09:02:48,051 [5] DEBUG LMSDataService.Controllers.FileUploadLogsController - Executing in Debug Mode 
 2018-06-14 09:02:48,051 [10] INFO LMSDataService.Controllers.LookupTypesController - Handling GET request from user: admin 
 2018-06-14 09:03:07,789 [11] DEBUG LMSDataService.Controllers.LookupTypesController - Executing in Debug Mode 
 2018-06-14 09:03:07,789 [12] DEBUG LMSDataService.Controllers.FileUploadLogsController - Executing in Debug Mode 
 2018-06-14 09:03:07,789 [11] INFO LMSDataService.Controllers.LookupTypesController - Handling GET request from user: admin 
 2018-06-14 09:03:29,489 [12] DEBUG LMSDataService.Controllers.LookupTypesController - Executing in Debug Mode 
 2018-06-14 09:03:29,489 [12] INFO LMSDataService.Controllers.LookupTypesController - Handling GET request from user: admin 
 2018-06-14 09:03:29,489 [8] DEBUG LMSDataService.Controllers.FileUploadLogsController - Executing in Debug Mode 
 2018-06-14 09:04:00,899 [11] DEBUG LMSDataService.Controllers.LookupTypesController - Executing in Debug Mode 
 2018-06-14 09:04:00,900 [11] INFO LMSDataService.Controllers.LookupTypesController - Handling GET request from user: admin 
 2018-06-14 09:04:00,899 [12] DEBUG LMSDataService.Controllers.FileUploadLogsController - Executing in Debug Mode 
 2018-06-14 09:04:13,791 [12] DEBUG LMSDataService.Controllers.FileUploadLogsController - Executing in Debug Mode 
 2018-06-14 09:04:13,792 [11] DEBUG LMSDataService.Controllers.LookupTypesController - Executing in Debug Mode 
 2018-06-14 09:04:13,792 [11] INFO LMSDataService.Controllers.LookupTypesController - Handling GET request from user: admin 
 2018-06-14 09:04:35,001 [12] DEBUG LMSDataService.Controllers.FileUploadLogsController - Executing in Debug Mode 
 2018-06-14 09:04:35,002 [8] DEBUG LMSDataService.Controllers.LookupTypesController - Executing in Debug Mode 
 2018-06-14 09:04:35,002 [8] INFO LMSDataService.Controllers.LookupTypesController - Handling GET request from user: admin 
 2018-06-14 09:05:37,840 [12] DEBUG LMSDataService.Controllers.LookupTypesController - Executing in Debug Mode 
 2018-06-14 09:05:37,841 [10] DEBUG LMSDataService.Controllers.FileUploadLogsController - Executing in Debug Mode 
 2018-06-14 09:05:37,841 [12] INFO LMSDataService.Controllers.LookupTypesController - Handling GET request from user: admin 
 2018-06-14 09:05:56,955 [13] DEBUG LMSDataService.Controllers.FileUploadLogsController - Executing in Debug Mode 
 2018-06-14 09:05:56,955 [14] DEBUG LMSDataService.Controllers.LookupTypesController - Executing in Debug Mode 
 2018-06-14 09:05:56,956 [14] INFO LMSDataService.Controllers.LookupTypesController - Handling GET request from user: admin 
 2018-06-14 09:06:45,880 [14] DEBUG LMSDataService.Controllers.LookupTypesController - Executing in Debug Mode 
 2018-06-14 09:06:45,881 [14] INFO LMSDataService.Controllers.LookupTypesController - Handling GET request from user: admin 
 2018-06-14 09:06:45,880 [15] DEBUG LMSDataService.Controllers.FileUploadLogsController - Executing in Debug Mode 
 2018-06-14 09:07:07,449 [14] DEBUG LMSDataService.Controllers.FileUploadLogsController - Executing in Debug Mode 
 2018-06-14 09:07:07,449 [10] DEBUG LMSDataService.Controllers.LookupTypesController - Executing in Debug Mode 
 2018-06-14 09:07:07,450 [10] INFO LMSDataService.Controllers.LookupTypesController - Handling GET request from user: admin 
 2018-06-14 09:07:25,342 [14] DEBUG LMSDataService.Controllers.FileUploadLogsController - Executing in Debug Mode 
 2018-06-14 09:07:25,343 [10] DEBUG LMSDataService.Controllers.LookupTypesController - Executing in Debug Mode 
 2018-06-14 09:07:25,343 [10] INFO LMSDataService.Controllers.LookupTypesController - Handling GET request from user: admin 
 2018-06-14 09:07:25,344 [11] DEBUG LMSDataService.Controllers.InsuranceCompaniesController - Executing in Debug Mode 
 2018-06-14 09:07:28,444 [10] DEBUG LMSDataService.Controllers.LookupTypesController - Executing in Debug Mode 
 2018-06-14 09:07:28,445 [10] INFO LMSDataService.Controllers.LookupTypesController - Handling GET request from user: admin 
 2018-06-14 09:07:28,451 [12] DEBUG LMSDataService.Controllers.LookupTypesController - Executing in Debug Mode 
 2018-06-14 09:07:28,452 [12] INFO LMSDataService.Controllers.LookupTypesController - Handling GET request from user: admin 
 