2021-02-03 12:28:21,767 [11] DEBUG LMSDataService.Controllers.FileUploadLogsController - Executing in Debug Mode 
 2021-02-03 12:28:21,768 [12] DEBUG LMSDataService.Controllers.LookupTypesController - Executing in Debug Mode 
 2021-02-03 12:28:21,768 [9] DEBUG LMSDataService.Controllers.InsuranceCompaniesController - Executing in Debug Mode 
 2021-02-03 12:28:21,778 [12] INFO LMSDataService.Controllers.LookupTypesController - Handling GET request from user: admin 
 2021-02-03 12:29:01,479 [10] DEBUG LMSDataService.Controllers.FileUploadLogsController - Executing in Debug Mode 
 2021-02-03 12:29:01,481 [11] DEBUG LMSDataService.Controllers.InsuranceCompaniesController - Executing in Debug Mode 
 2021-02-03 12:29:01,508 [12] DEBUG LMSDataService.Controllers.LookupTypesController - Executing in Debug Mode 
 2021-02-03 12:29:01,510 [12] INFO LMSDataService.Controllers.LookupTypesController - Handling GET request from user: admin 
 2021-02-03 12:54:49,752 [19] DEBUG LMSDataService.Controllers.InsuranceCompaniesController - Executing in Debug Mode 
 2021-02-03 12:54:49,757 [39] DEBUG LMSDataService.Controllers.FileUploadLogsController - Executing in Debug Mode 
 2021-02-03 12:54:49,758 [35] DEBUG LMSDataService.Controllers.LookupTypesController - Executing in Debug Mode 
 2021-02-03 12:54:49,758 [35] INFO LMSDataService.Controllers.LookupTypesController - Handling GET request from user: admin 
 2021-02-03 12:56:06,534 [43] DEBUG LMSDataService.Controllers.FileUploadLogsController - Executing in Debug Mode 
 2021-02-03 12:56:06,541 [37] DEBUG LMSDataService.Controllers.InsuranceCompaniesController - Executing in Debug Mode 
 2021-02-03 12:56:06,541 [46] DEBUG LMSDataService.Controllers.LookupTypesController - Executing in Debug Mode 
 2021-02-03 12:56:06,543 [46] INFO LMSDataService.Controllers.LookupTypesController - Handling GET request from user: admin 
 2021-02-03 12:56:35,098 [43] DEBUG LMSDataService.Controllers.FileUploadLogsController - Executing in Debug Mode 
 2021-02-03 12:56:35,100 [42] DEBUG LMSDataService.Controllers.InsuranceCompaniesController - Executing in Debug Mode 
 2021-02-03 12:56:35,126 [46] DEBUG LMSDataService.Controllers.LookupTypesController - Executing in Debug Mode 
 2021-02-03 12:56:35,127 [46] INFO LMSDataService.Controllers.LookupTypesController - Handling GET request from user: admin 
 2021-02-03 12:57:35,824 [42] DEBUG LMSDataService.Controllers.FileUploadLogsController - Executing in Debug Mode 
 2021-02-03 12:57:35,830 [46] DEBUG LMSDataService.Controllers.InsuranceCompaniesController - Executing in Debug Mode 
 2021-02-03 12:57:35,862 [43] DEBUG LMSDataService.Controllers.LookupTypesController - Executing in Debug Mode 
 2021-02-03 12:57:35,863 [43] INFO LMSDataService.Controllers.LookupTypesController - Handling GET request from user: admin 
 2021-02-03 12:58:43,528 [41] DEBUG LMSDataService.Controllers.FileUploadLogsController - Executing in Debug Mode 
 2021-02-03 12:58:43,534 [42] DEBUG LMSDataService.Controllers.LookupTypesController - Executing in Debug Mode 
 2021-02-03 12:58:43,535 [42] INFO LMSDataService.Controllers.LookupTypesController - Handling GET request from user: admin 
 2021-02-03 12:58:43,558 [35] DEBUG LMSDataService.Controllers.InsuranceCompaniesController - Executing in Debug Mode 
 2021-02-03 12:59:03,785 [41] DEBUG LMSDataService.Controllers.FileUploadLogsController - Executing in Debug Mode 
 2021-02-03 12:59:03,790 [37] DEBUG LMSDataService.Controllers.LookupTypesController - Executing in Debug Mode 
 2021-02-03 12:59:03,791 [37] INFO LMSDataService.Controllers.LookupTypesController - Handling GET request from user: admin 
 2021-02-03 12:59:03,811 [20] DEBUG LMSDataService.Controllers.InsuranceCompaniesController - Executing in Debug Mode 
 2021-02-03 13:00:08,650 [35] DEBUG LMSDataService.Controllers.LookupTypesController - Executing in Debug Mode 
 2021-02-03 13:00:08,652 [35] INFO LMSDataService.Controllers.LookupTypesController - Handling GET request from user: admin 
 2021-02-03 13:00:08,654 [37] DEBUG LMSDataService.Controllers.InsuranceCompaniesController - Executing in Debug Mode 
 2021-02-03 13:00:08,657 [42] DEBUG LMSDataService.Controllers.FileUploadLogsController - Executing in Debug Mode 
 2021-02-03 13:00:50,488 [41] DEBUG LMSDataService.Controllers.FileUploadLogsController - Executing in Debug Mode 
 2021-02-03 13:00:50,492 [42] DEBUG LMSDataService.Controllers.LookupTypesController - Executing in Debug Mode 
 2021-02-03 13:00:50,493 [42] INFO LMSDataService.Controllers.LookupTypesController - Handling GET request from user: admin 
 2021-02-03 13:00:50,524 [43] DEBUG LMSDataService.Controllers.InsuranceCompaniesController - Executing in Debug Mode 
 2021-02-03 13:04:26,665 [41] DEBUG LMSDataService.Controllers.FileUploadLogsController - Executing in Debug Mode 
 2021-02-03 13:04:26,673 [32] DEBUG LMSDataService.Controllers.LookupTypesController - Executing in Debug Mode 
 2021-02-03 13:04:26,674 [32] INFO LMSDataService.Controllers.LookupTypesController - Handling GET request from user: admin 
 2021-02-03 13:04:26,701 [33] DEBUG LMSDataService.Controllers.InsuranceCompaniesController - Executing in Debug Mode 
 2021-02-03 13:09:00,039 [20] DEBUG LMSDataService.Controllers.FileUploadLogsController - Executing in Debug Mode 
 2021-02-03 13:09:00,047 [45] DEBUG LMSDataService.Controllers.LookupTypesController - Executing in Debug Mode 
 2021-02-03 13:09:00,048 [45] INFO LMSDataService.Controllers.LookupTypesController - Handling GET request from user: admin 
 2021-02-03 13:09:00,048 [37] DEBUG LMSDataService.Controllers.InsuranceCompaniesController - Executing in Debug Mode 
 2021-02-03 13:11:25,080 [44] DEBUG LMSDataService.Controllers.FileUploadLogsController - Executing in Debug Mode 
 2021-02-03 13:11:25,085 [29] DEBUG LMSDataService.Controllers.LookupTypesController - Executing in Debug Mode 
 2021-02-03 13:11:25,087 [29] INFO LMSDataService.Controllers.LookupTypesController - Handling GET request from user: admin 
 2021-02-03 13:11:25,093 [22] DEBUG LMSDataService.Controllers.InsuranceCompaniesController - Executing in Debug Mode 
 2021-02-03 13:14:28,382 [46] DEBUG LMSDataService.Controllers.FileUploadLogsController - Executing in Debug Mode 
 2021-02-03 13:14:28,388 [45] DEBUG LMSDataService.Controllers.LookupTypesController - Executing in Debug Mode 
 2021-02-03 13:14:28,389 [45] INFO LMSDataService.Controllers.LookupTypesController - Handling GET request from user: admin 
 2021-02-03 13:14:28,411 [44] DEBUG LMSDataService.Controllers.InsuranceCompaniesController - Executing in Debug Mode 
 2021-02-03 13:15:59,277 [46] DEBUG LMSDataService.Controllers.FileUploadLogsController - Executing in Debug Mode 
 2021-02-03 13:15:59,290 [44] DEBUG LMSDataService.Controllers.LookupTypesController - Executing in Debug Mode 
 2021-02-03 13:15:59,290 [44] INFO LMSDataService.Controllers.LookupTypesController - Handling GET request from user: admin 
 2021-02-03 13:15:59,306 [29] DEBUG LMSDataService.Controllers.InsuranceCompaniesController - Executing in Debug Mode 
 2021-02-03 13:19:23,016 [29] DEBUG LMSDataService.Controllers.FileUploadLogsController - Executing in Debug Mode 
 2021-02-03 13:19:23,021 [23] DEBUG LMSDataService.Controllers.LookupTypesController - Executing in Debug Mode 
 2021-02-03 13:19:23,022 [23] INFO LMSDataService.Controllers.LookupTypesController - Handling GET request from user: admin 
 2021-02-03 13:19:23,046 [61] DEBUG LMSDataService.Controllers.InsuranceCompaniesController - Executing in Debug Mode 
 2021-02-03 13:19:30,283 [28] DEBUG LMSDataService.Controllers.LookupTypesController - Executing in Debug Mode 
 2021-02-03 13:19:30,286 [28] INFO LMSDataService.Controllers.LookupTypesController - Handling GET request from user: admin 
 2021-02-03 13:19:30,286 [23] DEBUG LMSDataService.Controllers.FileUploadLogsController - Executing in Debug Mode 
 2021-02-03 13:19:30,307 [52] DEBUG LMSDataService.Controllers.InsuranceCompaniesController - Executing in Debug Mode 
 2021-02-03 13:20:22,152 [45] DEBUG LMSDataService.Controllers.LookupTypesController - Executing in Debug Mode 
 2021-02-03 13:20:22,154 [45] INFO LMSDataService.Controllers.LookupTypesController - Handling GET request from user: admin 
 2021-02-03 13:20:22,158 [44] DEBUG LMSDataService.Controllers.FileUploadLogsController - Executing in Debug Mode 
 2021-02-03 13:20:22,179 [64] DEBUG LMSDataService.Controllers.InsuranceCompaniesController - Executing in Debug Mode 
 2021-02-03 13:29:13,677 [29] DEBUG LMSDataService.Controllers.FileUploadLogsController - Executing in Debug Mode 
 2021-02-03 13:29:13,685 [23] DEBUG LMSDataService.Controllers.LookupTypesController - Executing in Debug Mode 
 2021-02-03 13:29:13,685 [23] INFO LMSDataService.Controllers.LookupTypesController - Handling GET request from user: admin 
 2021-02-03 13:29:13,727 [45] DEBUG LMSDataService.Controllers.InsuranceCompaniesController - Executing in Debug Mode 
 2021-02-03 13:30:25,757 [61] DEBUG LMSDataService.Controllers.FileUploadLogsController - Executing in Debug Mode 
 2021-02-03 13:30:25,762 [29] DEBUG LMSDataService.Controllers.LookupTypesController - Executing in Debug Mode 
 2021-02-03 13:30:25,764 [29] INFO LMSDataService.Controllers.LookupTypesController - Handling GET request from user: admin 
 2021-02-03 13:30:25,790 [28] DEBUG LMSDataService.Controllers.InsuranceCompaniesController - Executing in Debug Mode 
 2021-02-03 13:30:29,165 [29] DEBUG LMSDataService.Controllers.LookupTypesController - Executing in Debug Mode 
 2021-02-03 13:30:29,167 [29] INFO LMSDataService.Controllers.LookupTypesController - Handling GET request from user: admin 
 2021-02-03 13:30:29,191 [45] DEBUG LMSDataService.Controllers.LookupTypesController - Executing in Debug Mode 
 2021-02-03 13:30:29,192 [45] INFO LMSDataService.Controllers.LookupTypesController - Handling GET request from user: admin 
 2021-02-03 13:30:31,789 [29] DEBUG LMSDataService.Controllers.FileUploadLogsController - Executing in Debug Mode 
 2021-02-03 13:30:31,812 [46] DEBUG LMSDataService.Controllers.LookupTypesController - Executing in Debug Mode 
 2021-02-03 13:30:31,813 [46] INFO LMSDataService.Controllers.LookupTypesController - Handling GET request from user: admin 
 2021-02-03 13:30:31,819 [45] DEBUG LMSDataService.Controllers.InsuranceCompaniesController - Executing in Debug Mode 
 2021-02-03 13:31:14,790 [28] DEBUG LMSDataService.Controllers.FileUploadLogsController - Executing in Debug Mode 
 2021-02-03 13:31:14,807 [29] DEBUG LMSDataService.Controllers.InsuranceCompaniesController - Executing in Debug Mode 
 2021-02-03 13:31:14,807 [34] DEBUG LMSDataService.Controllers.LookupTypesController - Executing in Debug Mode 
 2021-02-03 13:31:14,808 [34] INFO LMSDataService.Controllers.LookupTypesController - Handling GET request from user: admin 
 2021-02-03 13:34:08,207 [44] DEBUG LMSDataService.Controllers.FileUploadLogsController - Executing in Debug Mode 
 2021-02-03 13:34:08,217 [29] DEBUG LMSDataService.Controllers.LookupTypesController - Executing in Debug Mode 
 2021-02-03 13:34:08,218 [29] INFO LMSDataService.Controllers.LookupTypesController - Handling GET request from user: admin 
 2021-02-03 13:34:08,236 [46] DEBUG LMSDataService.Controllers.InsuranceCompaniesController - Executing in Debug Mode 
 2021-02-03 13:34:45,989 [75] DEBUG LMSDataService.Controllers.FileUploadLogsController - Executing in Debug Mode 
 2021-02-03 13:34:45,994 [44] DEBUG LMSDataService.Controllers.LookupTypesController - Executing in Debug Mode 
 2021-02-03 13:34:45,998 [44] INFO LMSDataService.Controllers.LookupTypesController - Handling GET request from user: admin 
 2021-02-03 13:34:46,005 [46] DEBUG LMSDataService.Controllers.InsuranceCompaniesController - Executing in Debug Mode 
 2021-02-03 13:39:03,406 [28] DEBUG LMSDataService.Controllers.FileUploadLogsController - Executing in Debug Mode 
 2021-02-03 13:39:03,416 [45] DEBUG LMSDataService.Controllers.LookupTypesController - Executing in Debug Mode 
 2021-02-03 13:39:03,416 [45] INFO LMSDataService.Controllers.LookupTypesController - Handling GET request from user: admin 
 2021-02-03 13:39:03,439 [62] DEBUG LMSDataService.Controllers.InsuranceCompaniesController - Executing in Debug Mode 
 2021-02-03 13:39:42,813 [28] DEBUG LMSDataService.Controllers.FileUploadLogsController - Executing in Debug Mode 
 2021-02-03 13:39:42,815 [62] DEBUG LMSDataService.Controllers.LookupTypesController - Executing in Debug Mode 
 2021-02-03 13:39:42,816 [62] INFO LMSDataService.Controllers.LookupTypesController - Handling GET request from user: admin 
 2021-02-03 13:39:42,821 [58] DEBUG LMSDataService.Controllers.InsuranceCompaniesController - Executing in Debug Mode 
 2021-02-03 14:54:56,458 [7] DEBUG LMSDataService.Controllers.FileUploadLogsController - Executing in Debug Mode 
 2021-02-03 14:54:56,552 [14] DEBUG LMSDataService.Controllers.LookupTypesController - Executing in Debug Mode 
 2021-02-03 14:54:56,554 [14] INFO LMSDataService.Controllers.LookupTypesController - Handling GET request from user: admin 
 2021-02-03 14:54:56,573 [9] DEBUG LMSDataService.Controllers.InsuranceCompaniesController - Executing in Debug Mode 
 2021-02-03 14:57:48,991 [26] DEBUG LMSDataService.Controllers.FileUploadLogsController - Executing in Debug Mode 
 2021-02-03 14:57:49,003 [27] DEBUG LMSDataService.Controllers.LookupTypesController - Executing in Debug Mode 
 2021-02-03 14:57:49,004 [27] INFO LMSDataService.Controllers.LookupTypesController - Handling GET request from user: admin 
 2021-02-03 14:57:49,018 [8] DEBUG LMSDataService.Controllers.InsuranceCompaniesController - Executing in Debug Mode 
 2021-02-03 14:58:29,779 [7] DEBUG LMSDataService.Controllers.FileUploadLogsController - Executing in Debug Mode 
 2021-02-03 14:58:29,803 [9] DEBUG LMSDataService.Controllers.LookupTypesController - Executing in Debug Mode 
 2021-02-03 14:58:29,803 [9] INFO LMSDataService.Controllers.LookupTypesController - Handling GET request from user: admin 
 2021-02-03 14:58:29,820 [7] DEBUG LMSDataService.Controllers.InsuranceCompaniesController - Executing in Debug Mode 
 2021-02-03 15:00:20,262 [10] DEBUG LMSDataService.Controllers.FileUploadLogsController - Executing in Debug Mode 
 2021-02-03 15:00:20,262 [39] DEBUG LMSDataService.Controllers.LookupTypesController - Executing in Debug Mode 
 2021-02-03 15:00:20,265 [39] INFO LMSDataService.Controllers.LookupTypesController - Handling GET request from user: admin 
 2021-02-03 15:00:20,269 [30] DEBUG LMSDataService.Controllers.InsuranceCompaniesController - Executing in Debug Mode 
 2021-02-03 15:00:46,596 [32] DEBUG LMSDataService.Controllers.FileUploadLogsController - Executing in Debug Mode 
 2021-02-03 15:00:46,598 [39] DEBUG LMSDataService.Controllers.InsuranceCompaniesController - Executing in Debug Mode 
 2021-02-03 15:00:46,606 [34] DEBUG LMSDataService.Controllers.LookupTypesController - Executing in Debug Mode 
 2021-02-03 15:00:46,608 [34] INFO LMSDataService.Controllers.LookupTypesController - Handling GET request from user: admin 
 2021-02-03 15:01:03,832 [31] DEBUG LMSDataService.Controllers.FileUploadLogsController - Executing in Debug Mode 
 2021-02-03 15:01:03,842 [32] DEBUG LMSDataService.Controllers.LookupTypesController - Executing in Debug Mode 
 2021-02-03 15:01:03,843 [32] INFO LMSDataService.Controllers.LookupTypesController - Handling GET request from user: admin 
 2021-02-03 15:01:03,850 [34] DEBUG LMSDataService.Controllers.InsuranceCompaniesController - Executing in Debug Mode 
 2021-02-03 15:01:47,631 [32] DEBUG LMSDataService.Controllers.FileUploadLogsController - Executing in Debug Mode 
 2021-02-03 15:01:47,636 [37] DEBUG LMSDataService.Controllers.InsuranceCompaniesController - Executing in Debug Mode 
 2021-02-03 15:01:47,636 [34] DEBUG LMSDataService.Controllers.LookupTypesController - Executing in Debug Mode 
 2021-02-03 15:01:47,637 [34] INFO LMSDataService.Controllers.LookupTypesController - Handling GET request from user: admin 
 2021-02-03 15:03:19,635 [39] DEBUG LMSDataService.Controllers.FileUploadLogsController - Executing in Debug Mode 
 2021-02-03 15:03:19,639 [35] DEBUG LMSDataService.Controllers.InsuranceCompaniesController - Executing in Debug Mode 
 2021-02-03 15:03:19,639 [37] DEBUG LMSDataService.Controllers.LookupTypesController - Executing in Debug Mode 
 2021-02-03 15:03:19,641 [37] INFO LMSDataService.Controllers.LookupTypesController - Handling GET request from user: admin 
 2021-02-03 15:04:03,691 [39] DEBUG LMSDataService.Controllers.FileUploadLogsController - Executing in Debug Mode 
 2021-02-03 15:04:03,719 [38] DEBUG LMSDataService.Controllers.InsuranceCompaniesController - Executing in Debug Mode 
 2021-02-03 15:04:03,722 [18] DEBUG LMSDataService.Controllers.LookupTypesController - Executing in Debug Mode 
 2021-02-03 15:04:03,722 [18] INFO LMSDataService.Controllers.LookupTypesController - Handling GET request from user: admin 
 2021-02-03 15:04:29,916 [38] DEBUG LMSDataService.Controllers.LookupTypesController - Executing in Debug Mode 
 2021-02-03 15:04:29,919 [38] INFO LMSDataService.Controllers.LookupTypesController - Handling GET request from user: admin 
 2021-02-03 15:04:29,922 [33] DEBUG LMSDataService.Controllers.FileUploadLogsController - Executing in Debug Mode 
 2021-02-03 15:04:29,937 [18] DEBUG LMSDataService.Controllers.InsuranceCompaniesController - Executing in Debug Mode 
 2021-02-03 15:05:47,611 [35] DEBUG LMSDataService.Controllers.InsuranceCompaniesController - Executing in Debug Mode 
 2021-02-03 15:05:47,617 [48] DEBUG LMSDataService.Controllers.FileUploadLogsController - Executing in Debug Mode 
 2021-02-03 15:05:47,647 [37] DEBUG LMSDataService.Controllers.LookupTypesController - Executing in Debug Mode 
 2021-02-03 15:05:47,648 [37] INFO LMSDataService.Controllers.LookupTypesController - Handling GET request from user: admin 
 2021-02-03 15:07:37,847 [18] DEBUG LMSDataService.Controllers.FileUploadLogsController - Executing in Debug Mode 
 2021-02-03 15:07:37,856 [63] DEBUG LMSDataService.Controllers.LookupTypesController - Executing in Debug Mode 
 2021-02-03 15:07:37,856 [63] INFO LMSDataService.Controllers.LookupTypesController - Handling GET request from user: admin 
 2021-02-03 15:07:37,882 [33] DEBUG LMSDataService.Controllers.InsuranceCompaniesController - Executing in Debug Mode 
 2021-02-03 15:08:12,563 [18] DEBUG LMSDataService.Controllers.LookupTypesController - Executing in Debug Mode 
 2021-02-03 15:08:12,567 [18] INFO LMSDataService.Controllers.LookupTypesController - Handling GET request from user: admin 
 2021-02-03 15:08:12,566 [59] DEBUG LMSDataService.Controllers.InsuranceCompaniesController - Executing in Debug Mode 
 2021-02-03 15:08:12,569 [69] DEBUG LMSDataService.Controllers.FileUploadLogsController - Executing in Debug Mode 
 2021-02-03 15:08:58,956 [37] DEBUG LMSDataService.Controllers.FileUploadLogsController - Executing in Debug Mode 
 2021-02-03 15:08:58,961 [69] DEBUG LMSDataService.Controllers.LookupTypesController - Executing in Debug Mode 
 2021-02-03 15:08:58,962 [69] INFO LMSDataService.Controllers.LookupTypesController - Handling GET request from user: admin 
 2021-02-03 15:08:58,982 [59] DEBUG LMSDataService.Controllers.InsuranceCompaniesController - Executing in Debug Mode 
 2021-02-03 15:09:42,199 [63] DEBUG LMSDataService.Controllers.FileUploadLogsController - Executing in Debug Mode 
 2021-02-03 15:09:42,206 [33] DEBUG LMSDataService.Controllers.LookupTypesController - Executing in Debug Mode 
 2021-02-03 15:09:42,208 [33] INFO LMSDataService.Controllers.LookupTypesController - Handling GET request from user: admin 
 2021-02-03 15:09:42,218 [37] DEBUG LMSDataService.Controllers.InsuranceCompaniesController - Executing in Debug Mode 
 2021-02-03 15:10:40,660 [63] DEBUG LMSDataService.Controllers.FileUploadLogsController - Executing in Debug Mode 
 2021-02-03 15:10:40,684 [56] DEBUG LMSDataService.Controllers.InsuranceCompaniesController - Executing in Debug Mode 
 2021-02-03 15:10:40,687 [59] DEBUG LMSDataService.Controllers.LookupTypesController - Executing in Debug Mode 
 2021-02-03 15:10:40,687 [59] INFO LMSDataService.Controllers.LookupTypesController - Handling GET request from user: admin 
 2021-02-03 15:14:51,359 [82] DEBUG LMSDataService.Controllers.LookupTypesController - Executing in Debug Mode 
 2021-02-03 15:14:51,361 [82] INFO LMSDataService.Controllers.LookupTypesController - Handling GET request from user: admin 
 2021-02-03 15:14:51,362 [63] DEBUG LMSDataService.Controllers.InsuranceCompaniesController - Executing in Debug Mode 
 2021-02-03 15:14:51,363 [66] DEBUG LMSDataService.Controllers.FileUploadLogsController - Executing in Debug Mode 
 2021-02-03 15:15:42,939 [82] DEBUG LMSDataService.Controllers.FileUploadLogsController - Executing in Debug Mode 
 2021-02-03 15:15:42,946 [59] DEBUG LMSDataService.Controllers.LookupTypesController - Executing in Debug Mode 
 2021-02-03 15:15:42,947 [59] INFO LMSDataService.Controllers.LookupTypesController - Handling GET request from user: admin 
 2021-02-03 15:15:42,966 [63] DEBUG LMSDataService.Controllers.InsuranceCompaniesController - Executing in Debug Mode 
 2021-02-03 15:17:04,437 [82] DEBUG LMSDataService.Controllers.LookupTypesController - Executing in Debug Mode 
 2021-02-03 15:17:04,440 [82] INFO LMSDataService.Controllers.LookupTypesController - Handling GET request from user: admin 
 2021-02-03 15:17:04,441 [63] DEBUG LMSDataService.Controllers.InsuranceCompaniesController - Executing in Debug Mode 
 2021-02-03 15:17:04,442 [79] DEBUG LMSDataService.Controllers.FileUploadLogsController - Executing in Debug Mode 
 2021-02-03 15:18:42,333 [79] DEBUG LMSDataService.Controllers.LookupTypesController - Executing in Debug Mode 
 2021-02-03 15:18:42,337 [79] INFO LMSDataService.Controllers.LookupTypesController - Handling GET request from user: admin 
 2021-02-03 15:18:42,337 [83] DEBUG LMSDataService.Controllers.FileUploadLogsController - Executing in Debug Mode 
 2021-02-03 15:18:42,339 [84] DEBUG LMSDataService.Controllers.InsuranceCompaniesController - Executing in Debug Mode 
 2021-02-03 15:20:12,780 [80] DEBUG LMSDataService.Controllers.FileUploadLogsController - Executing in Debug Mode 
 2021-02-03 15:20:12,798 [79] DEBUG LMSDataService.Controllers.LookupTypesController - Executing in Debug Mode 
 2021-02-03 15:20:12,798 [79] INFO LMSDataService.Controllers.LookupTypesController - Handling GET request from user: admin 
 2021-02-03 15:20:12,810 [81] DEBUG LMSDataService.Controllers.InsuranceCompaniesController - Executing in Debug Mode 
 2021-02-03 15:23:11,962 [85] DEBUG LMSDataService.Controllers.FileUploadLogsController - Executing in Debug Mode 
 2021-02-03 15:23:11,962 [81] DEBUG LMSDataService.Controllers.LookupTypesController - Executing in Debug Mode 
 2021-02-03 15:23:11,972 [81] INFO LMSDataService.Controllers.LookupTypesController - Handling GET request from user: admin 
 2021-02-03 15:23:11,970 [89] DEBUG LMSDataService.Controllers.InsuranceCompaniesController - Executing in Debug Mode 
 2021-02-03 15:25:26,626 [89] DEBUG LMSDataService.Controllers.FileUploadLogsController - Executing in Debug Mode 
 2021-02-03 15:25:26,627 [87] DEBUG LMSDataService.Controllers.LookupTypesController - Executing in Debug Mode 
 2021-02-03 15:25:26,630 [87] INFO LMSDataService.Controllers.LookupTypesController - Handling GET request from user: admin 
 2021-02-03 15:25:26,630 [92] DEBUG LMSDataService.Controllers.InsuranceCompaniesController - Executing in Debug Mode 
 2021-02-03 15:25:40,834 [72] DEBUG LMSDataService.Controllers.FileUploadLogsController - Executing in Debug Mode 
 2021-02-03 15:25:40,847 [89] DEBUG LMSDataService.Controllers.LookupTypesController - Executing in Debug Mode 
 2021-02-03 15:25:40,849 [89] INFO LMSDataService.Controllers.LookupTypesController - Handling GET request from user: admin 
 2021-02-03 15:25:40,860 [93] DEBUG LMSDataService.Controllers.InsuranceCompaniesController - Executing in Debug Mode 
 2021-02-03 15:27:03,122 [74] DEBUG LMSDataService.Controllers.LookupTypesController - Executing in Debug Mode 
 2021-02-03 15:27:03,143 [74] INFO LMSDataService.Controllers.LookupTypesController - Handling GET request from user: admin 
 2021-02-03 15:27:03,122 [89] DEBUG LMSDataService.Controllers.FileUploadLogsController - Executing in Debug Mode 
 2021-02-03 15:27:03,145 [94] DEBUG LMSDataService.Controllers.InsuranceCompaniesController - Executing in Debug Mode 
 2021-02-03 15:27:43,195 [74] DEBUG LMSDataService.Controllers.FileUploadLogsController - Executing in Debug Mode 
 2021-02-03 15:27:43,202 [94] DEBUG LMSDataService.Controllers.LookupTypesController - Executing in Debug Mode 
 2021-02-03 15:27:43,202 [94] INFO LMSDataService.Controllers.LookupTypesController - Handling GET request from user: admin 
 2021-02-03 15:27:43,223 [85] DEBUG LMSDataService.Controllers.InsuranceCompaniesController - Executing in Debug Mode 
 2021-02-03 15:28:22,499 [61] DEBUG LMSDataService.Controllers.FileUploadLogsController - Executing in Debug Mode 
 2021-02-03 15:28:22,512 [74] DEBUG LMSDataService.Controllers.InsuranceCompaniesController - Executing in Debug Mode 
 2021-02-03 15:28:22,514 [89] DEBUG LMSDataService.Controllers.LookupTypesController - Executing in Debug Mode 
 2021-02-03 15:28:22,515 [89] INFO LMSDataService.Controllers.LookupTypesController - Handling GET request from user: admin 
 2021-02-03 15:29:59,078 [93] DEBUG LMSDataService.Controllers.FileUploadLogsController - Executing in Debug Mode 
 2021-02-03 15:29:59,078 [74] DEBUG LMSDataService.Controllers.LookupTypesController - Executing in Debug Mode 
 2021-02-03 15:29:59,081 [74] INFO LMSDataService.Controllers.LookupTypesController - Handling GET request from user: admin 
 2021-02-03 15:29:59,084 [75] DEBUG LMSDataService.Controllers.InsuranceCompaniesController - Executing in Debug Mode 
 2021-02-03 15:30:59,202 [93] DEBUG LMSDataService.Controllers.FileUploadLogsController - Executing in Debug Mode 
 2021-02-03 15:30:59,209 [75] DEBUG LMSDataService.Controllers.LookupTypesController - Executing in Debug Mode 
 2021-02-03 15:30:59,210 [75] INFO LMSDataService.Controllers.LookupTypesController - Handling GET request from user: admin 
 2021-02-03 15:30:59,217 [89] DEBUG LMSDataService.Controllers.InsuranceCompaniesController - Executing in Debug Mode 
 2021-02-03 15:31:59,704 [75] DEBUG LMSDataService.Controllers.LookupTypesController - Executing in Debug Mode 
 2021-02-03 15:31:59,708 [75] INFO LMSDataService.Controllers.LookupTypesController - Handling GET request from user: admin 
 2021-02-03 15:31:59,704 [89] DEBUG LMSDataService.Controllers.FileUploadLogsController - Executing in Debug Mode 
 2021-02-03 15:31:59,724 [93] DEBUG LMSDataService.Controllers.InsuranceCompaniesController - Executing in Debug Mode 
 2021-02-03 15:32:47,685 [75] DEBUG LMSDataService.Controllers.FileUploadLogsController - Executing in Debug Mode 
 2021-02-03 15:32:47,693 [72] DEBUG LMSDataService.Controllers.InsuranceCompaniesController - Executing in Debug Mode 
 2021-02-03 15:32:47,709 [85] DEBUG LMSDataService.Controllers.LookupTypesController - Executing in Debug Mode 
 2021-02-03 15:32:47,710 [85] INFO LMSDataService.Controllers.LookupTypesController - Handling GET request from user: admin 
 2021-02-03 15:33:19,661 [93] DEBUG LMSDataService.Controllers.FileUploadLogsController - Executing in Debug Mode 
 2021-02-03 15:33:19,667 [75] DEBUG LMSDataService.Controllers.LookupTypesController - Executing in Debug Mode 
 2021-02-03 15:33:19,667 [75] INFO LMSDataService.Controllers.LookupTypesController - Handling GET request from user: admin 
 2021-02-03 15:33:19,675 [85] DEBUG LMSDataService.Controllers.InsuranceCompaniesController - Executing in Debug Mode 
 2021-02-03 15:34:47,512 [93] DEBUG LMSDataService.Controllers.FileUploadLogsController - Executing in Debug Mode 
 2021-02-03 15:34:47,517 [89] DEBUG LMSDataService.Controllers.LookupTypesController - Executing in Debug Mode 
 2021-02-03 15:34:47,519 [89] INFO LMSDataService.Controllers.LookupTypesController - Handling GET request from user: admin 
 2021-02-03 15:34:47,521 [62] DEBUG LMSDataService.Controllers.InsuranceCompaniesController - Executing in Debug Mode 
 2021-02-03 15:38:10,177 [93] DEBUG LMSDataService.Controllers.FileUploadLogsController - Executing in Debug Mode 
 2021-02-03 15:38:10,185 [56] DEBUG LMSDataService.Controllers.LookupTypesController - Executing in Debug Mode 
 2021-02-03 15:38:10,185 [56] INFO LMSDataService.Controllers.LookupTypesController - Handling GET request from user: admin 
 2021-02-03 15:38:10,201 [85] DEBUG LMSDataService.Controllers.InsuranceCompaniesController - Executing in Debug Mode 
 