2018-05-23 19:59:30,098 [12] DEBUG LMSDataService.Controllers.UploadController - Executing call in debug mode 
 2018-05-23 19:59:30,105 [12] INFO LMSDataService.Controllers.UploadController - Handling Document Upload from user: rwflowers 
 2018-05-23 20:08:56,628 [5] DEBUG LMSDataService.Controllers.UploadController - Executing call in debug mode 
 2018-05-23 20:08:56,635 [5] INFO LMSDataService.Controllers.UploadController - Handling Document Upload from user: rwflowers 
 2018-05-23 20:51:55,959 [10] DEBUG LMSDataService.Controllers.UploadController - Executing call in debug mode 
 2018-05-23 20:51:55,965 [10] INFO LMSDataService.Controllers.UploadController - Handling Document Upload from user: rwflowers 
 2018-05-23 21:13:36,721 [5] DEBUG LMSDataService.Controllers.LookupTypesController - Executing call in debug mode 
 2018-05-23 21:13:36,728 [5] INFO LMSDataService.Controllers.LookupTypesController - Handling GET request from user: rflowers 
 2018-05-23 21:33:59,900 [8] DEBUG LMSDataService.Controllers.LookupTypesController - Executing call in debug mode 
 2018-05-23 21:33:59,906 [8] INFO LMSDataService.Controllers.LookupTypesController - Handling GET request from user: rflowers 
 2018-05-23 21:34:14,348 [5] DEBUG LMSDataService.Controllers.LookupsController - Executing call in debug mode 
 2018-05-23 21:34:14,349 [5] INFO LMSDataService.Controllers.LookupsController - Handling GET request from user: rflowers 
 2018-05-23 21:36:18,594 [5] DEBUG LMSDataService.Controllers.LookupTypesController - Executing call in debug mode 
 2018-05-23 21:36:18,601 [5] INFO LMSDataService.Controllers.LookupTypesController - Handling GET request from user: rflowers 
 2018-05-23 21:36:57,854 [5] DEBUG LMSDataService.Controllers.LookupTypesController - Executing call in debug mode 
 2018-05-23 21:36:57,860 [5] INFO LMSDataService.Controllers.LookupTypesController - Handling GET request from user: rflowers 
 2018-05-23 21:46:31,421 [5] DEBUG LMSDataService.Controllers.LookupTypesController - Executing call in debug mode 
 2018-05-23 21:46:31,432 [5] INFO LMSDataService.Controllers.LookupTypesController - Handling GET request from user: rwflowers 
 2018-05-23 21:47:07,856 [13] DEBUG LMSDataService.Controllers.LookupTypesController - Executing call in debug mode 
 2018-05-23 21:47:28,832 [13] INFO LMSDataService.Controllers.LookupTypesController - Handling GET request from user: rwflowers 
 2018-05-23 21:48:51,680 [44] DEBUG LMSDataService.Controllers.LookupTypesController - Executing call in debug mode 
 2018-05-23 21:48:51,681 [44] INFO LMSDataService.Controllers.LookupTypesController - Handling GET request from user: rwflowers 
 2018-05-23 21:50:17,315 [41] DEBUG LMSDataService.Controllers.LookupTypesController - Executing call in debug mode 
 2018-05-23 21:50:17,315 [41] INFO LMSDataService.Controllers.LookupTypesController - Handling GET request from user: rwflowers 
 2018-05-23 21:52:27,690 [43] DEBUG LMSDataService.Controllers.LookupTypesController - Executing call in debug mode 
 2018-05-23 21:52:27,690 [43] INFO LMSDataService.Controllers.LookupTypesController - Handling GET request from user: rwflowers 
 2018-05-23 21:53:00,882 [5] DEBUG LMSDataService.Controllers.LookupTypesController - Executing call in debug mode 
 2018-05-23 21:53:00,883 [5] INFO LMSDataService.Controllers.LookupTypesController - Handling GET request from user: rwflowers 
 2018-05-23 21:53:25,212 [5] DEBUG LMSDataService.Controllers.LookupTypesController - Executing call in debug mode 
 2018-05-23 21:53:25,213 [5] INFO LMSDataService.Controllers.LookupTypesController - Handling GET request from user: rwflowers 
 2018-05-23 21:53:47,554 [43] DEBUG LMSDataService.Controllers.LookupTypesController - Executing call in debug mode 
 2018-05-23 21:53:47,554 [43] INFO LMSDataService.Controllers.LookupTypesController - Handling GET request from user: rwflowers 
 2018-05-23 21:54:04,368 [5] DEBUG LMSDataService.Controllers.LookupTypesController - Executing call in debug mode 
 2018-05-23 21:54:04,368 [5] INFO LMSDataService.Controllers.LookupTypesController - Handling GET request from user: rwflowers 
 2018-05-23 21:54:44,497 [5] DEBUG LMSDataService.Controllers.LookupTypesController - Executing call in debug mode 
 2018-05-23 21:54:44,498 [5] INFO LMSDataService.Controllers.LookupTypesController - Handling GET request from user: rwflowers 
 2018-05-23 21:55:00,297 [5] DEBUG LMSDataService.Controllers.LookupTypesController - Executing call in debug mode 
 2018-05-23 21:55:00,297 [5] INFO LMSDataService.Controllers.LookupTypesController - Handling GET request from user: rwflowers 
 2018-05-23 21:55:51,481 [5] DEBUG LMSDataService.Controllers.LookupTypesController - Executing call in debug mode 
 2018-05-23 21:55:51,481 [5] INFO LMSDataService.Controllers.LookupTypesController - Handling GET request from user: rwflowers 
 2018-05-23 21:59:03,371 [5] DEBUG LMSDataService.Controllers.LookupTypesController - Executing call in debug mode 
 2018-05-23 21:59:03,371 [5] INFO LMSDataService.Controllers.LookupTypesController - Handling GET request from user: rwflowers 
 2018-05-23 21:59:57,900 [43] DEBUG LMSDataService.Controllers.LookupTypesController - Executing call in debug mode 
 2018-05-23 21:59:57,901 [43] INFO LMSDataService.Controllers.LookupTypesController - Handling GET request from user: rwflowers 
 2018-05-23 22:05:19,793 [5] DEBUG LMSDataService.Controllers.LookupTypesController - Executing call in debug mode 
 2018-05-23 22:05:19,793 [5] INFO LMSDataService.Controllers.LookupTypesController - Handling GET request from user: rwflowers 
 2018-05-23 22:06:27,769 [5] DEBUG LMSDataService.Controllers.LookupTypesController - Executing call in debug mode 
 2018-05-23 22:06:27,770 [5] INFO LMSDataService.Controllers.LookupTypesController - Handling GET request from user: rwflowers 
 2018-05-23 22:07:16,850 [9] DEBUG LMSDataService.Controllers.LookupTypesController - Executing call in debug mode 
 2018-05-23 22:07:16,851 [9] INFO LMSDataService.Controllers.LookupTypesController - Handling GET request from user: rwflowers 
 2018-05-23 22:07:49,237 [44] DEBUG LMSDataService.Controllers.LookupTypesController - Executing call in debug mode 
 2018-05-23 22:07:49,237 [44] INFO LMSDataService.Controllers.LookupTypesController - Handling GET request from user: rwflowers 
 2018-05-23 22:08:19,620 [43] DEBUG LMSDataService.Controllers.LookupTypesController - Executing call in debug mode 
 2018-05-23 22:08:19,621 [43] INFO LMSDataService.Controllers.LookupTypesController - Handling GET request from user: rwflowers 
 2018-05-23 22:08:43,224 [9] DEBUG LMSDataService.Controllers.LookupTypesController - Executing call in debug mode 
 2018-05-23 22:08:43,225 [9] INFO LMSDataService.Controllers.LookupTypesController - Handling GET request from user: rwflowers 
 2018-05-23 22:11:02,292 [12] DEBUG LMSDataService.Controllers.LookupTypesController - Executing call in debug mode 
 2018-05-23 22:11:02,300 [12] INFO LMSDataService.Controllers.LookupTypesController - Handling GET request from user: rwflowers 
 2018-05-23 22:11:05,746 [12] ERROR LMSDataService.Controllers.LookupTypesController - An error occurred while getting Lookup Types. 
 System.InvalidOperationException: The model backing the 'LMSDataDBContext' context has changed since the database was created. Consider using Code First Migrations to update the database (http://go.microsoft.com/fwlink/?LinkId=238269).
   at System.Data.Entity.CreateDatabaseIfNotExists`1.InitializeDatabase(TContext context)
   at System.Data.Entity.Internal.InternalContext.<>c__DisplayClassf`1.<CreateInitializationAction>b__e()
   at System.Data.Entity.Internal.InternalContext.PerformInitializationAction(Action action)
   at System.Data.Entity.Internal.InternalContext.PerformDatabaseInitialization()
   at System.Data.Entity.Internal.LazyInternalContext.<InitializeDatabase>b__4(InternalContext c)
   at System.Data.Entity.Internal.RetryAction`1.PerformAction(TInput input)
   at System.Data.Entity.Internal.LazyInternalContext.InitializeDatabaseAction(Action`1 action)
   at System.Data.Entity.Internal.LazyInternalContext.InitializeDatabase()
   at System.Data.Entity.Internal.InternalContext.GetEntitySetAndBaseTypeForType(Type entityType)
   at System.Data.Entity.Internal.Linq.InternalSet`1.Initialize()
   at System.Data.Entity.Internal.Linq.InternalSet`1.get_InternalContext()
   at System.Data.Entity.Infrastructure.DbQuery`1.System.Linq.IQueryable.get_Provider()
   at System.Linq.Queryable.Where[TSource](IQueryable`1 source, Expression`1 predicate)
   at LMSDataService.Controllers.LookupTypesController.GetLookupTypes(HttpRequestMessage request) in F:\Code\LMSManagement\LMSData\LMSDataService\Controllers\LookupTypesController.cs:line 54
2018-05-23 22:11:28,341 [12] DEBUG LMSDataService.Controllers.LookupTypesController - Executing call in debug mode 
 2018-05-23 22:11:28,342 [12] INFO LMSDataService.Controllers.LookupTypesController - Handling GET request from user: rwflowers 
 2018-05-23 22:11:31,435 [12] ERROR LMSDataService.Controllers.LookupTypesController - An error occurred while getting Lookup Types. 
 System.InvalidOperationException: The model backing the 'LMSDataDBContext' context has changed since the database was created. Consider using Code First Migrations to update the database (http://go.microsoft.com/fwlink/?LinkId=238269).
   at System.Data.Entity.CreateDatabaseIfNotExists`1.InitializeDatabase(TContext context)
   at System.Data.Entity.Internal.InternalContext.<>c__DisplayClassf`1.<CreateInitializationAction>b__e()
   at System.Data.Entity.Internal.InternalContext.PerformInitializationAction(Action action)
   at System.Data.Entity.Internal.InternalContext.PerformDatabaseInitialization()
   at System.Data.Entity.Internal.LazyInternalContext.<InitializeDatabase>b__4(InternalContext c)
   at System.Data.Entity.Internal.RetryAction`1.PerformAction(TInput input)
   at System.Data.Entity.Internal.LazyInternalContext.InitializeDatabaseAction(Action`1 action)
   at System.Data.Entity.Internal.LazyInternalContext.InitializeDatabase()
   at System.Data.Entity.Internal.InternalContext.GetEntitySetAndBaseTypeForType(Type entityType)
   at System.Data.Entity.Internal.Linq.InternalSet`1.Initialize()
   at System.Data.Entity.Internal.Linq.InternalSet`1.get_InternalContext()
   at System.Data.Entity.Infrastructure.DbQuery`1.System.Linq.IQueryable.get_Provider()
   at System.Linq.Queryable.Where[TSource](IQueryable`1 source, Expression`1 predicate)
   at LMSDataService.Controllers.LookupTypesController.GetLookupTypes(HttpRequestMessage request) in F:\Code\LMSManagement\LMSData\LMSDataService\Controllers\LookupTypesController.cs:line 54
2018-05-23 22:14:02,795 [8] DEBUG LMSDataService.Controllers.LookupTypesController - Executing call in debug mode 
 2018-05-23 22:14:02,805 [8] INFO LMSDataService.Controllers.LookupTypesController - Handling GET request from user: rwflowers 
 2018-05-23 22:14:22,535 [8] DEBUG LMSDataService.Controllers.LookupTypesController - Executing call in debug mode 
 2018-05-23 22:14:22,535 [8] INFO LMSDataService.Controllers.LookupTypesController - Handling GET request from user: rwflowers 
 2018-05-23 22:14:51,746 [11] DEBUG LMSDataService.Controllers.LookupTypesController - Executing call in debug mode 
 2018-05-23 22:14:51,746 [11] INFO LMSDataService.Controllers.LookupTypesController - Handling GET request from user: rwflowers 
 2018-05-23 22:15:59,263 [11] DEBUG LMSDataService.Controllers.LookupTypesController - Executing call in debug mode 
 2018-05-23 22:15:59,264 [11] INFO LMSDataService.Controllers.LookupTypesController - Handling GET request from user: rwflowers 
 2018-05-23 22:16:59,727 [8] DEBUG LMSDataService.Controllers.LookupTypesController - Executing call in debug mode 
 2018-05-23 22:16:59,727 [8] INFO LMSDataService.Controllers.LookupTypesController - Handling GET request from user: rwflowers 
 2018-05-23 22:17:58,618 [9] DEBUG LMSDataService.Controllers.LookupTypesController - Executing call in debug mode 
 2018-05-23 22:17:58,618 [9] INFO LMSDataService.Controllers.LookupTypesController - Handling GET request from user: rwflowers 
 2018-05-23 22:18:20,979 [14] DEBUG LMSDataService.Controllers.LookupTypesController - Executing call in debug mode 
 2018-05-23 22:18:20,980 [14] INFO LMSDataService.Controllers.LookupTypesController - Handling GET request from user: rwflowers 
 2018-05-23 22:18:41,406 [5] DEBUG LMSDataService.Controllers.LookupTypesController - Executing call in debug mode 
 2018-05-23 22:18:41,406 [5] INFO LMSDataService.Controllers.LookupTypesController - Handling GET request from user: rwflowers 
 2018-05-23 22:20:41,081 [9] DEBUG LMSDataService.Controllers.LookupTypesController - Executing call in debug mode 
 2018-05-23 22:20:41,082 [9] INFO LMSDataService.Controllers.LookupTypesController - Handling GET request from user: rwflowers 
 2018-05-23 22:21:04,470 [20] DEBUG LMSDataService.Controllers.LookupTypesController - Executing call in debug mode 
 2018-05-23 22:21:04,471 [20] INFO LMSDataService.Controllers.LookupTypesController - Handling GET request from user: rwflowers 
 2018-05-23 22:21:09,603 [19] DEBUG LMSDataService.Controllers.LookupTypesController - Executing call in debug mode 
 2018-05-23 22:21:09,603 [19] INFO LMSDataService.Controllers.LookupTypesController - Handling GET request from user: rwflowers 
 2018-05-23 22:23:09,958 [10] DEBUG LMSDataService.Controllers.LookupTypesController - Executing call in debug mode 
 2018-05-23 22:23:09,958 [10] INFO LMSDataService.Controllers.LookupTypesController - Handling GET request from user: rwflowers 
 2018-05-23 22:23:18,451 [17] DEBUG LMSDataService.Controllers.LookupTypesController - Executing call in debug mode 
 2018-05-23 22:23:18,452 [17] INFO LMSDataService.Controllers.LookupTypesController - Handling GET request from user: rwflowers 
 2018-05-23 22:29:31,539 [18] DEBUG LMSDataService.Controllers.LookupTypesController - Executing call in debug mode 
 2018-05-23 22:29:31,539 [18] INFO LMSDataService.Controllers.LookupTypesController - Handling GET request from user: rwflowers 
 2018-05-23 22:29:38,276 [18] DEBUG LMSDataService.Controllers.LookupTypesController - Executing call in debug mode 
 2018-05-23 22:29:38,276 [18] INFO LMSDataService.Controllers.LookupTypesController - Handling GET request from user: rwflowers 
 2018-05-23 22:29:48,197 [18] DEBUG LMSDataService.Controllers.LookupTypesController - Executing call in debug mode 
 2018-05-23 22:29:48,198 [18] INFO LMSDataService.Controllers.LookupTypesController - Handling GET request from user: rwflowers 
 